\BOOKMARK [0][-]{chapter.1}{\376\377\000B\000e\000v\000e\000z\000e\000t\000\351\000s}{}% 1
\BOOKMARK [1][-]{section.1.1}{\376\377\000U\000M\000L\000\040\000K\000o\000m\000p\000o\000n\000e\000n\000s\000\040\000f\000o\000g\000a\000l\000m\000a\000k}{chapter.1}% 2
\BOOKMARK [2][-]{subsection.1.1.1}{\376\377\000E\000n\000k\000a\000p\000s\000z\000u\000l\000\341\000l\000t\000\040\000e\000l\000e\000m}{section.1.1}% 3
\BOOKMARK [2][-]{subsection.1.1.2}{\376\377\000U\000M\000L\000\040\000I\000n\000t\000e\000r\000f\000\351\000s\000z}{section.1.1}% 4
\BOOKMARK [2][-]{subsection.1.1.3}{\376\377\000U\000M\000L\000\040\000P\000o\000r\000t}{section.1.1}% 5
\BOOKMARK [2][-]{subsection.1.1.4}{\376\377\000U\000M\000L\000\040\000C\000o\000n\000n\000e\000c\000t\000o\000r}{section.1.1}% 6
\BOOKMARK [0][-]{chapter.2}{\376\377\000\301\000t\000t\000e\000k\000i\000n\000t\000\351\000s}{}% 7
\BOOKMARK [1][-]{section.2.1}{\376\377\000A\000\040\000p\000r\000o\000b\000l\000\351\000m\000a\000\040\000r\000\366\000v\000i\000d\000\040\000m\000e\000g\000h\000a\000t\000\341\000r\000o\000z\000\341\000s\000a}{chapter.2}% 8
\BOOKMARK [1][-]{section.2.2}{\376\377\000K\000e\000r\000e\000t\000r\000e\000n\000d\000s\000z\000e\000r\000e\000k\000\040\000\341\000t\000t\000e\000k\000i\000n\000t\000\351\000s\000e}{chapter.2}% 9
\BOOKMARK [2][-]{subsection.2.2.1}{\376\377\000f\000U\000M\000L\000\040\000-\000\040\000A\000L\000F}{section.2.2}% 10
\BOOKMARK [2][-]{subsection.2.2.2}{\376\377\000U\000m\000p\000l\000e}{section.2.2}% 11
\BOOKMARK [2][-]{subsection.2.2.3}{\376\377\000S\000t\000a\000r\000t\000U\000M\000L}{section.2.2}% 12
\BOOKMARK [2][-]{subsection.2.2.4}{\376\377\000B\000r\000i\000g\000e\000P\000o\000i\000n\000t\000\040\000U\000M\000L}{section.2.2}% 13
\BOOKMARK [1][-]{section.2.3}{\376\377\000\326\000s\000s\000z\000e\000f\000o\000g\000l\000a\000l\000\341\000s}{chapter.2}% 14
\BOOKMARK [0][-]{chapter.3}{\376\377\000R\000e\000p\000r\000e\000z\000e\000n\000t\000\341\000c\000i\000\363\000s\000\040\000l\000e\000h\000e\000t\001\121\000s\000\351\000g\000e\000k}{}% 15
\BOOKMARK [1][-]{section.3.1}{\376\377\000A\000\040\000m\000e\000g\000f\000e\000l\000e\000l\001\121\000\040\000r\000e\000p\000r\000e\000z\000e\000n\000t\000\341\000c\000i\000\363\000k\000\040\000m\000e\000g\000t\000a\000l\000\341\000l\000\341\000s\000a}{chapter.3}% 16
\BOOKMARK [1][-]{section.3.2}{\376\377\000P\000o\000r\000t\000o\000k\000\040\000r\000e\000p\000r\000e\000z\000e\000n\000t\000\341\000l\000\341\000s\000a}{chapter.3}% 17
\BOOKMARK [2][-]{subsection.3.2.1}{\376\377\000U\000M\000L\000-\000b\000e\000n}{section.3.2}% 18
\BOOKMARK [2][-]{subsection.3.2.2}{\376\377\000C\000+\000+\000-\000b\000a\000n}{section.3.2}% 19
\BOOKMARK [1][-]{section.3.3}{\376\377\000P\000o\000r\000t\000o\000k\000r\000a\000\040\000v\000a\000l\000\363\000\040\000\374\000z\000e\000n\000e\000t\000k\000\374\000l\000d\000\351\000s\000/\000f\000o\000g\000a\000d\000\341\000s\000\040\000r\000e\000p\000r\000e\000z\000e\000n\000t\000\341\000l\000\341\000s\000a}{chapter.3}% 20
\BOOKMARK [2][-]{subsection.3.3.1}{\376\377\000U\000M\000L\000-\000b\000e\000n}{section.3.3}% 21
\BOOKMARK [2][-]{subsection.3.3.2}{\376\377\000C\000+\000+\000-\000b\000a\000n}{section.3.3}% 22
\BOOKMARK [1][-]{section.3.4}{\376\377\000I\000n\000t\000e\000r\000f\000\351\000s\000z\000e\000k\000\040\000r\000e\000p\000r\000e\000z\000e\000n\000t\000\341\000l\000\341\000s\000a\000\040\000i\000n\000t\000e\000r\000f\000\351\000s\000z\000\040\000p\000o\000r\000t\000o\000k\000\040\000e\000s\000e\000t\000\351\000n}{chapter.3}% 23
\BOOKMARK [2][-]{subsection.3.4.1}{\376\377\000U\000M\000L\000-\000b\000e\000n}{section.3.4}% 24
\BOOKMARK [2][-]{subsection.3.4.2}{\376\377\000C\000+\000+\000-\000b\000a\000n}{section.3.4}% 25
\BOOKMARK [2][-]{subsection.3.4.3}{\376\377\000S\000z\000o\000l\000g\000\341\000l\000t\000a\000t\000o\000t\000t\000\040\000\351\000s\000\040\000e\000l\000v\000\341\000r\000t\000\040\000i\000n\000t\000e\000r\000f\000\351\000s\000z\000e\000k\000\040\000m\000e\000g\000k\000\374\000l\000\366\000n\000b\000\366\000z\000t\000e\000t\000\351\000s\000e}{section.3.4}% 26
\BOOKMARK [1][-]{section.3.5}{\376\377\000K\000o\000n\000n\000e\000k\000t\000o\000r\000o\000k\000,\000\040\000\366\000s\000s\000z\000e\000k\000a\000p\000c\000s\000o\000l\000\341\000s\000\040\000m\001\161\000v\000e\000l\000e\000t\000\040\000r\000e\000p\000r\000e\000z\000e\000n\000t\000\341\000l\000\341\000s\000a}{chapter.3}% 27
\BOOKMARK [2][-]{subsection.3.5.1}{\376\377\000\326\000s\000s\000z\000e\000k\000a\000p\000c\000s\000o\000l\000t\000\040\000p\000o\000r\000t\000o\000k\000\040\000r\000e\000p\000r\000e\000z\000e\000n\000t\000\341\000c\000i\000\363\000j\000a\000\040\000C\000+\000+\000-\000b\000a\000n}{section.3.5}% 28
\BOOKMARK [2][-]{subsection.3.5.2}{\376\377\000K\000o\000n\000n\000e\000k\000t\000o\000r\000o\000k\000\040\000r\000e\000p\000r\000e\000z\000e\000n\000t\000\341\000l\000\341\000s\000a\000\040\000C\000+\000+\000-\000b\000a\000n}{section.3.5}% 29
\BOOKMARK [1][-]{section.3.6}{\376\377\000K\000o\000m\000m\000u\000n\000i\000k\000\341\000c\000i\000\363\000\040\000m\000e\000g\000v\000a\000l\000\363\000s\000\355\000t\000\341\000s\000a\000\040\000C\000+\000+\000-\000b\000a\000n}{chapter.3}% 30
\BOOKMARK [0][-]{chapter.4}{\376\377\000P\000r\000o\000g\000r\000a\000m\000\040\000d\000o\000k\000u\000m\000e\000n\000t\000\341\000c\000i\000\363}{}% 31
\BOOKMARK [1][-]{section.4.1}{\376\377\000F\000e\000l\000h\000a\000s\000z\000n\000\341\000l\000\363\000i\000\040\000d\000o\000k\000u\000m\000e\000n\000t\000\341\000c\000i\000\363}{chapter.4}% 32
\BOOKMARK [2][-]{subsection.4.1.1}{\376\377\000S\000z\000\374\000k\000s\000\351\000g\000e\000s\000\040\000e\000s\000z\000k\000\366\000z\000\366\000k}{section.4.1}% 33
\BOOKMARK [2][-]{subsection.4.1.2}{\376\377\000G\000e\000n\000e\000r\000\341\000l\000\341\000s\000\040\000\351\000s\000\040\000f\000u\000t\000t\000a\000t\000\341\000s}{section.4.1}% 34
\BOOKMARK [1][-]{section.4.2}{\376\377\000F\000e\000j\000l\000e\000s\000z\000t\001\121\000i\000\040\000d\000o\000k\000u\000m\000e\000n\000t\000\341\000c\000i\000\363}{chapter.4}% 35
\BOOKMARK [2][-]{subsection.4.2.1}{\376\377\000S\000z\000e\000r\000k\000e\000z\000e\000t\000i\000\040\000f\000e\000l\000\351\000p\000\355\000t\000\351\000s}{section.4.2}% 36
\BOOKMARK [2][-]{subsection.4.2.2}{\376\377\000T\000e\000s\000z\000t\000e\000l\000\351\000s}{section.4.2}% 37
